<?xml version="1.0" encoding="UTF-8"?>
<robot generator="Robot 4.0.1 (Python 3.9.5 on win32)" generated="20210908 21:10:30.357" rpa="false" schemaversion="2">
<suite id="s1" name="Tc Login01" source="C:\automate\jenkins\testcase\tc_login01.robot">
<test id="s1-t1" name="login when input 1 valid username (invalid permission)">
<kw name="Open Jenkins Website" type="SETUP">
<kw name="Open Browser" library="SeleniumLibrary">
<arg>${URL}</arg>
<arg>${Browser}</arg>
<doc>Opens a new browser instance to the optional ``url``.</doc>
<msg timestamp="20210908 21:10:31.148" level="INFO">Opening browser 'chrome' to base url 'http://www.doppio-tech.com:8080/login'.</msg>
<status status="PASS" starttime="20210908 21:10:31.148" endtime="20210908 21:10:34.471"/>
</kw>
<kw name="Maximize Browser Window" library="SeleniumLibrary">
<doc>Maximizes current browser window.</doc>
<status status="PASS" starttime="20210908 21:10:34.472" endtime="20210908 21:10:34.606"/>
</kw>
<status status="PASS" starttime="20210908 21:10:31.147" endtime="20210908 21:10:34.606"/>
</kw>
<kw name="login testcase to jenkins">
<arg>dummy</arg>
<arg>dummy</arg>
<arg>xpath=/html/body/div[4]/div[2]/p</arg>
<arg>dummy is missing the Overall/Read permission</arg>
<kw name="Input Text" library="SeleniumLibrary">
<arg>${txtbox_username}</arg>
<arg>${USERNAME}</arg>
<doc>Types the given ``text`` into the text field identified by ``locator``.</doc>
<msg timestamp="20210908 21:10:34.615" level="INFO">Typing text 'dummy' into text field '//*[@id="j_username"]'.</msg>
<status status="PASS" starttime="20210908 21:10:34.612" endtime="20210908 21:10:34.785"/>
</kw>
<kw name="Input Text" library="SeleniumLibrary">
<arg>${txtbox_password}</arg>
<arg>${PASSWORD}</arg>
<doc>Types the given ``text`` into the text field identified by ``locator``.</doc>
<msg timestamp="20210908 21:10:34.787" level="INFO">Typing text 'dummy' into text field 'xpath=/html/body/div/div/form/div[2]/input'.</msg>
<status status="PASS" starttime="20210908 21:10:34.786" endtime="20210908 21:10:35.002"/>
</kw>
<kw name="Click Element" library="SeleniumLibrary">
<arg>${btn_signin}</arg>
<doc>Click the element identified by ``locator``.</doc>
<msg timestamp="20210908 21:10:35.003" level="INFO">Clicking element 'xpath=/html/body/div/div/form/div[3]/input'.</msg>
<status status="PASS" starttime="20210908 21:10:35.003" endtime="20210908 21:10:38.574"/>
</kw>
<kw name="Wait Until Page Contains Element" library="SeleniumLibrary">
<arg>${ERROR_MESSAGE_locator}</arg>
<doc>Waits until the element ``locator`` appears on the current page.</doc>
<status status="PASS" starttime="20210908 21:10:38.574" endtime="20210908 21:10:38.600"/>
</kw>
<kw name="Element Should Contain" library="SeleniumLibrary">
<arg>${ERROR_MESSAGE_locator}</arg>
<arg>${ERROR_MESSAGE}</arg>
<doc>Verifies that element ``locator`` contains text ``expected``.</doc>
<msg timestamp="20210908 21:10:38.640" level="INFO">Element 'xpath=/html/body/div[4]/div[2]/p' contains text 'dummy is missing the Overall/Read permission'.</msg>
<status status="PASS" starttime="20210908 21:10:38.600" endtime="20210908 21:10:38.640"/>
</kw>
<status status="PASS" starttime="20210908 21:10:34.609" endtime="20210908 21:10:38.640"/>
</kw>
<kw name="Close Browser" library="SeleniumLibrary" type="TEARDOWN">
<doc>Closes the current browser.</doc>
<status status="PASS" starttime="20210908 21:10:38.642" endtime="20210908 21:10:41.114"/>
</kw>
<status status="PASS" starttime="20210908 21:10:31.141" endtime="20210908 21:10:41.116"/>
</test>
<test id="s1-t2" name="login when input 1 invalid username">
<kw name="Open Jenkins Website" type="SETUP">
<kw name="Open Browser" library="SeleniumLibrary">
<arg>${URL}</arg>
<arg>${Browser}</arg>
<doc>Opens a new browser instance to the optional ``url``.</doc>
<msg timestamp="20210908 21:10:41.128" level="INFO">Opening browser 'chrome' to base url 'http://www.doppio-tech.com:8080/login'.</msg>
<status status="PASS" starttime="20210908 21:10:41.127" endtime="20210908 21:10:45.313"/>
</kw>
<kw name="Maximize Browser Window" library="SeleniumLibrary">
<doc>Maximizes current browser window.</doc>
<status status="PASS" starttime="20210908 21:10:45.313" endtime="20210908 21:10:45.449"/>
</kw>
<status status="PASS" starttime="20210908 21:10:41.126" endtime="20210908 21:10:45.449"/>
</kw>
<kw name="login testcase to jenkins">
<arg>mummy</arg>
<arg>dummy</arg>
<arg>xpath=/html/body/div/div/form/div[1]</arg>
<arg>Invalid username or password</arg>
<kw name="Input Text" library="SeleniumLibrary">
<arg>${txtbox_username}</arg>
<arg>${USERNAME}</arg>
<doc>Types the given ``text`` into the text field identified by ``locator``.</doc>
<msg timestamp="20210908 21:10:45.453" level="INFO">Typing text 'mummy' into text field '//*[@id="j_username"]'.</msg>
<status status="PASS" starttime="20210908 21:10:45.452" endtime="20210908 21:10:45.626"/>
</kw>
<kw name="Input Text" library="SeleniumLibrary">
<arg>${txtbox_password}</arg>
<arg>${PASSWORD}</arg>
<doc>Types the given ``text`` into the text field identified by ``locator``.</doc>
<msg timestamp="20210908 21:10:45.627" level="INFO">Typing text 'dummy' into text field 'xpath=/html/body/div/div/form/div[2]/input'.</msg>
<status status="PASS" starttime="20210908 21:10:45.626" endtime="20210908 21:10:45.791"/>
</kw>
<kw name="Click Element" library="SeleniumLibrary">
<arg>${btn_signin}</arg>
<doc>Click the element identified by ``locator``.</doc>
<msg timestamp="20210908 21:10:45.793" level="INFO">Clicking element 'xpath=/html/body/div/div/form/div[3]/input'.</msg>
<status status="PASS" starttime="20210908 21:10:45.792" endtime="20210908 21:10:46.896"/>
</kw>
<kw name="Wait Until Page Contains Element" library="SeleniumLibrary">
<arg>${ERROR_MESSAGE_locator}</arg>
<doc>Waits until the element ``locator`` appears on the current page.</doc>
<status status="PASS" starttime="20210908 21:10:46.897" endtime="20210908 21:10:46.917"/>
</kw>
<kw name="Element Should Contain" library="SeleniumLibrary">
<arg>${ERROR_MESSAGE_locator}</arg>
<arg>${ERROR_MESSAGE}</arg>
<doc>Verifies that element ``locator`` contains text ``expected``.</doc>
<msg timestamp="20210908 21:10:46.951" level="INFO">Element 'xpath=/html/body/div/div/form/div[1]' contains text 'Invalid username or password'.</msg>
<status status="PASS" starttime="20210908 21:10:46.917" endtime="20210908 21:10:46.951"/>
</kw>
<status status="PASS" starttime="20210908 21:10:45.450" endtime="20210908 21:10:46.952"/>
</kw>
<kw name="Close Browser" library="SeleniumLibrary" type="TEARDOWN">
<doc>Closes the current browser.</doc>
<status status="PASS" starttime="20210908 21:10:46.953" endtime="20210908 21:10:49.374"/>
</kw>
<status status="PASS" starttime="20210908 21:10:41.118" endtime="20210908 21:10:49.378"/>
</test>
<status status="PASS" starttime="20210908 21:10:30.362" endtime="20210908 21:10:49.404"/>
</suite>
<statistics>
<total>
<stat pass="2" fail="0" skip="0">All Tests</stat>
</total>
<tag>
</tag>
<suite>
<stat pass="2" fail="0" skip="0" id="s1" name="Tc Login01">Tc Login01</stat>
</suite>
</statistics>
<errors>
</errors>
</robot>
